Arguments: 
  /usr/local/bin/node /usr/local/bin/yarn

PATH: 
  /usr/local/opt/llvm/bin:/usr/local/opt/gnu-getopt/bin:/Users/bowenqing/save/app/flutter/bin:/usr/local/bin:/usr/bin:/bin:/usr/sbin:/sbin:/opt/X11/bin:/Applications/Wireshark.app/Contents/MacOS

Yarn version: 
  1.3.2

Node version: 
  8.11.2

Platform: 
  darwin x64

npm manifest: 
  {
    "dependencies": {
      "babel": "^6.23.0",
      "babel-cli": "^6.26.0",
      "babel-preset-es2015": "^6.24.1",
      "babel-preset-stage-0": "^6.24.1",
      "carlo": "^0.9.7",
      "curl-parser-js": "^0.0.3",
      "curlconverter": "^2.2.0",
      "lodash": "^4.17.10",
      "ndb-node-pty-prebuilt": "^0.8.0",
      "node-lame": "^1.1.0",
      "puppeteer": "^1.4.0",
      "request": "^2.85.0",
      "request-promise": "^4.2.2"
    }
  }

yarn manifest: 
  No manifest

Lockfile: 
  No lockfile

Trace: 
  Error: ENOENT: no such file or directory, copyfile '/Users/bowenqing/Library/Caches/Yarn/v1/npm-isobject-2.1.0-f065561096a3f1da2ef46272f815c840d87e0c89/LICENSE' -> '/Users/bowenqing/Project/lab/node_modules/expand-range/node_modules/isobject/LICENSE'
